============================= test session starts ==============================
platform darwin -- Python 3.14.3, pytest-9.0.2, pluggy-1.6.0 -- /opt/homebrew/opt/python@3.14/bin/python3.14
cachedir: .pytest_cache
rootdir: /Users/milushangdi/Downloads/seo-a-plus-final-acceptance
plugins: anyio-4.12.1, langsmith-0.7.14, asyncio-1.3.0
asyncio: mode=Mode.STRICT, debug=False, asyncio_default_fixture_loop_scope=None, asyncio_default_test_loop_scope=function
collecting ... collected 187 items

skills/emerging-keyword-monitor/tests/test_audit_regressions.py::test_cross_market_metric_provenance_is_not_a_complete_compatible_set PASSED [  0%]
skills/emerging-keyword-monitor/tests/test_audit_regressions.py::test_incompatible_kgr_inputs_remain_unknown PASSED [  1%]
skills/emerging-keyword-monitor/tests/test_audit_regressions.py::test_recent_30d_fallback_uses_non_overlapping_baseline PASSED [  1%]
skills/emerging-keyword-monitor/tests/test_audit_regressions.py::test_stale_observations_cannot_confirm_emerging PASSED [  2%]
skills/emerging-keyword-monitor/tests/test_audit_regressions.py::test_reactivated_old_query_is_not_net_new PASSED [  2%]
skills/emerging-keyword-monitor/tests/test_audit_regressions.py::test_incremental_replay_preserves_first_observed_at PASSED [  3%]
skills/emerging-keyword-monitor/tests/test_audit_regressions.py::test_lasted_source_does_not_veto_fresh_breakout_source PASSED [  3%]
skills/emerging-keyword-monitor/tests/test_audit_regressions.py::test_watch_root_candidate_stays_on_watchlist PASSED [  4%]
skills/emerging-keyword-monitor/tests/test_audit_regressions.py::test_selection_handoff_preserves_metric_provenance PASSED [  4%]
skills/emerging-keyword-monitor/tests/test_emerging_monitor.py::test_invalid_numeric_input_is_invalid[signal_value--1] PASSED [  5%]
skills/emerging-keyword-monitor/tests/test_emerging_monitor.py::test_invalid_numeric_input_is_invalid[volume--1] PASSED [  5%]
skills/emerging-keyword-monitor/tests/test_emerging_monitor.py::test_invalid_numeric_input_is_invalid[cpc--0.1] PASSED [  6%]
skills/emerging-keyword-monitor/tests/test_emerging_monitor.py::test_invalid_numeric_input_is_invalid[kd--1] PASSED [  6%]
skills/emerging-keyword-monitor/tests/test_emerging_monitor.py::test_invalid_numeric_input_is_invalid[kd-101] PASSED [  7%]
skills/emerging-keyword-monitor/tests/test_emerging_monitor.py::test_invalid_numeric_input_is_invalid[signal_value-NaN] PASSED [  8%]
skills/emerging-keyword-monitor/tests/test_emerging_monitor.py::test_invalid_numeric_input_is_invalid[signal_value-Infinity] PASSED [  8%]
skills/emerging-keyword-monitor/tests/test_emerging_monitor.py::test_empty_keyword_and_bad_dates_are_invalid PASSED [  9%]
skills/emerging-keyword-monitor/tests/test_emerging_monitor.py::test_unknown_zero_and_provenance_semantics PASSED [  9%]
skills/emerging-keyword-monitor/tests/test_emerging_monitor.py::test_missing_signal_unit_makes_provenance_incomplete PASSED [ 10%]
skills/emerging-keyword-monitor/tests/test_emerging_monitor.py::test_zero_only_series_is_not_a_new_signal PASSED [ 10%]
skills/emerging-keyword-monitor/tests/test_emerging_monitor.py::test_complete_provenance_and_duplicate_audit PASSED [ 11%]
skills/emerging-keyword-monitor/tests/test_emerging_monitor.py::test_aggregate_does_not_sum_incompatible_units PASSED [ 11%]
skills/emerging-keyword-monitor/tests/test_emerging_monitor.py::test_duplicate_and_source_count_do_not_inflate PASSED [ 12%]
skills/emerging-keyword-monitor/tests/test_emerging_monitor.py::test_aggregate_baseline_recent_growth_and_metrics PASSED [ 12%]
skills/emerging-keyword-monitor/tests/test_emerging_monitor.py::test_aggregate_evidence_depth_and_decay_fields PASSED [ 13%]
skills/emerging-keyword-monitor/tests/test_emerging_monitor.py::test_emerging_variant_subtypes[new_expression] PASSED [ 13%]
skills/emerging-keyword-monitor/tests/test_emerging_monitor.py::test_emerging_variant_subtypes[typo] PASSED [ 14%]
skills/emerging-keyword-monitor/tests/test_emerging_monitor.py::test_emerging_variant_subtypes[modifier_shift] PASSED [ 14%]
skills/emerging-keyword-monitor/tests/test_emerging_monitor.py::test_net_new_is_newly_observed_not_absolute_birth PASSED [ 15%]
skills/emerging-keyword-monitor/tests/test_emerging_monitor.py::test_breakout_requires_positive_baseline PASSED [ 16%]
skills/emerging-keyword-monitor/tests/test_emerging_monitor.py::test_one_day_spike_is_new_signal_not_noise PASSED [ 16%]
skills/emerging-keyword-monitor/tests/test_emerging_monitor.py::test_spike_decay_can_be_noise_but_durable_event_is_not_forced_noise PASSED [ 17%]
skills/emerging-keyword-monitor/tests/test_emerging_monitor.py::test_unknown_durability_does_not_become_noise PASSED [ 17%]
skills/emerging-keyword-monitor/tests/test_emerging_monitor.py::test_supply_context_and_emd_are_preserved PASSED [ 18%]
skills/emerging-keyword-monitor/tests/test_emerging_monitor.py::test_persistence_and_cross_source_raise_confidence PASSED [ 18%]
skills/emerging-keyword-monitor/tests/test_emerging_monitor.py::test_no_anchor_is_not_a_gate PASSED [ 19%]
skills/emerging-keyword-monitor/tests/test_emerging_monitor.py::test_unknown_metrics_and_kgr_boundary PASSED [ 19%]
skills/emerging-keyword-monitor/tests/test_emerging_monitor.py::test_mature_and_incomplete_provenance_states PASSED [ 20%]
skills/emerging-keyword-monitor/tests/test_emerging_monitor.py::test_state_transition_is_explainable PASSED [ 20%]
skills/emerging-keyword-monitor/tests/test_emerging_monitor.py::test_existing_root_routes_only_confirmed_to_selection PASSED [ 21%]
skills/emerging-keyword-monitor/tests/test_emerging_monitor.py::test_root_candidate_and_unresolved_routes PASSED [ 21%]
skills/emerging-keyword-monitor/tests/test_emerging_monitor.py::test_non_actionable_states_never_route_selection[mature] PASSED [ 22%]
skills/emerging-keyword-monitor/tests/test_emerging_monitor.py::test_non_actionable_states_never_route_selection[noise] PASSED [ 22%]
skills/emerging-keyword-monitor/tests/test_emerging_monitor.py::test_non_actionable_states_never_route_selection[insufficient_evidence] PASSED [ 23%]
skills/emerging-keyword-monitor/tests/test_emerging_monitor.py::test_structure_trigger_fixture_and_threshold_boundaries PASSED [ 24%]
skills/emerging-keyword-monitor/tests/test_emerging_monitor.py::test_raw_observations_flow_to_net_new_without_birth_invention PASSED [ 24%]
skills/emerging-keyword-monitor/tests/test_emerging_monitor.py::test_code_never_generates_final_selection_states PASSED [ 25%]
skills/emerging-keyword-monitor/tests/test_kgr_provider_compatibility.py::test_semrush_core_metrics_and_google_intitle_are_compatible_end_to_end PASSED [ 25%]
skills/emerging-keyword-monitor/tests/test_metric_source_compatibility.py::test_same_market_cross_source_core_metrics_are_not_compatible PASSED [ 26%]
skills/emerging-keyword-monitor/tests/test_persistence_window_selection.py::test_weekly_stable_series_can_be_mature PASSED [ 26%]
skills/emerging-keyword-monitor/tests/test_persistence_window_selection.py::test_weekly_persistent_rise_can_be_breakout PASSED [ 27%]
skills/emerging-keyword-monitor/tests/test_persistence_window_selection.py::test_weekly_new_demand_uses_pre_recent_baseline_for_net_new PASSED [ 27%]
skills/emerging-keyword-monitor/tests/test_real_data_replay.py::test_lasted_google_trends_snapshot_is_not_new_signal PASSED [ 28%]
skills/emerging-keyword-monitor/tests/test_real_data_replay.py::test_localized_google_trends_urls_do_not_inflate_persistence PASSED [ 28%]
skills/emerging-keyword-monitor/tests/test_runtime_contract.py::test_skill_requires_canonical_runtime_enums PASSED [ 29%]
skills/emerging-keyword-monitor/tests/test_runtime_contract.py::test_skill_separates_hypothesis_from_confirmed_classification PASSED [ 29%]
skills/emerging-keyword-monitor/tests/test_runtime_contract.py::test_skill_requires_canonical_routing PASSED [ 30%]
skills/emerging-keyword-monitor/tests/test_time_window_replay.py::test_different_source_time_windows_do_not_inflate_persistence PASSED [ 31%]
skills/keyword-root-library/tests/test_root_library.py::test_domain_query_prioritizes_domain_specific_roots PASSED [ 31%]
skills/keyword-root-library/tests/test_root_library.py::test_domain_query_keeps_relevant_universal_roots_after_domain_roots PASSED [ 32%]
skills/keyword-root-library/tests/test_root_library.py::test_domain_query_does_not_rank_unverified_candidates_above_usable_roots PASSED [ 32%]
skills/keyword-root-library/tests/test_root_library.py::test_verified_requires_real_evidence_level_l2_or_higher PASSED [ 33%]
skills/keyword-root-library/tests/test_root_library.py::test_active_and_verified_have_natural_examples PASSED [ 33%]
skills/keyword-root-library/tests/test_root_library.py::test_evidence_ref_field_exists_and_is_populated_for_l1_plus PASSED [ 34%]
skills/keyword-root-library/tests/test_root_library.py::test_no_alias_collides_with_another_canonical_root PASSED [ 34%]
skills/keyword-root-library/tests/test_root_library.py::test_gefei_source_uses_live_mirror_and_preserves_original_source PASSED [ 35%]
skills/keyword-root-library/tests/test_root_library.py::test_validator_passes_current_library PASSED [ 35%]
skills/keyword-root-library/tests/test_root_library.py::test_trigger_eval_fixture_exists_with_positive_and_negative_cases PASSED [ 36%]
skills/keyword-root-library/tests/test_root_library.py::test_validator_rejects_alias_collision PASSED [ 36%]
skills/keyword-root-library/tests/test_root_library.py::test_validator_rejects_verified_l1 PASSED [ 37%]
skills/keyword-root-library/tests/test_root_library.py::test_validator_rejects_unknown_root_type PASSED [ 37%]
skills/keyword-root-library/tests/test_root_library.py::test_skill_description_is_trigger_focused_and_compact PASSED [ 38%]
skills/keyword-root-library/tests/test_root_library.py::test_validator_rejects_missing_local_evidence_ref PASSED [ 39%]
skills/keyword-root-library/tests/test_root_library.py::test_coverage_audit_reports_bootstrap_balance PASSED [ 39%]
skills/keyword-root-library/tests/test_root_library.py::test_candidate_miner_excludes_existing_roots_and_does_not_mutate_library PASSED [ 40%]
skills/keyword-root-library/tests/test_root_library.py::test_candidate_miner_reports_supporting_evidence PASSED [ 40%]
skills/keyword-root-library/tests/test_root_library.py::test_candidate_miner_marks_fragments_of_existing_roots PASSED [ 41%]
skills/keyword-root-library/tests/test_root_library.py::test_skill_documents_coverage_and_feedback_scripts PASSED [ 41%]
skills/keyword-root-library/tests/test_root_library.py::test_real_batch_feedback_promotes_supported_roots PASSED [ 42%]
skills/keyword-root-library/tests/test_root_library.py::test_coverage_snapshot_exists_and_states_bootstrap_not_complete PASSED [ 42%]
skills/keyword-root-library/tests/test_root_library.py::test_candidate_miner_marks_source_seed_fragments PASSED [ 43%]
skills/keyword-root-library/tests/test_root_library.py::test_wedding_cross_domain_experiment_promotes_supported_existing_roots PASSED [ 43%]
skills/keyword-root-library/tests/test_root_library.py::test_wedding_cross_domain_experiment_adds_repeated_demand_roots PASSED [ 44%]
skills/keyword-root-library/tests/test_root_library.py::test_wedding_evidence_file_exists_and_names_independent_sites PASSED [ 44%]
skills/keyword-root-library/tests/test_root_library.py::test_baking_fermentation_experiment_promotes_existing_supported_roots PASSED [ 45%]
skills/keyword-root-library/tests/test_root_library.py::test_baking_fermentation_experiment_adds_repeated_demand_roots PASSED [ 45%]
skills/keyword-root-library/tests/test_root_library.py::test_baking_fermentation_evidence_file_exists_and_names_independent_sites PASSED [ 46%]
skills/seo-keyword-selection/tests/test_selection.py::test_skill_structure_and_no_root_library_duplication PASSED [ 47%]
skills/seo-keyword-selection/tests/test_selection.py::test_skill_description_is_trigger_focused_and_compact PASSED [ 47%]
skills/seo-keyword-selection/tests/test_selection.py::test_trigger_eval_fixture_has_positive_and_negative_cases PASSED [ 48%]
skills/seo-keyword-selection/tests/test_selection.py::test_ideas_recall_is_wider_than_exact_thresholds PASSED [ 48%]
skills/seo-keyword-selection/tests/test_selection.py::test_exact_pool_and_kd_bands PASSED [ 49%]
skills/seo-keyword-selection/tests/test_selection.py::test_unknown_is_not_coerced_to_zero PASSED [ 49%]
skills/seo-keyword-selection/tests/test_selection.py::test_kgr_formula_and_blue_ocean_signal PASSED [ 50%]
skills/seo-keyword-selection/tests/test_selection.py::test_kgr_not_blue_ocean_does_not_become_do PASSED [ 50%]
skills/seo-keyword-selection/tests/test_selection.py::test_kd_40_50_requires_two_serp_weak_points_to_upgrade PASSED [ 51%]
skills/seo-keyword-selection/tests/test_selection.py::test_low_cpc_is_signal_not_hard_elimination PASSED [ 51%]
skills/seo-keyword-selection/tests/test_selection.py::test_kdroi_requires_positive_kd_and_cpc_present PASSED [ 52%]
skills/seo-keyword-selection/tests/test_selection.py::test_manual_exclusion_overrides_mechanical_scoring PASSED [ 52%]
skills/seo-keyword-selection/tests/test_selection.py::test_locked_thresholds_are_machine_readable_single_source PASSED [ 53%]
skills/seo-keyword-selection/tests/test_selection.py::test_skill_main_file_stays_under_500_words PASSED [ 54%]
skills/seo-keyword-selection/tests/test_selection.py::test_evaluator_accepts_semrush_keywords_wrapper PASSED [ 54%]
skills/seo-keyword-selection/tests/test_selection.py::test_evaluator_accepts_semrush_rows_wrapper PASSED [ 55%]
skills/seo-keyword-selection/tests/test_selection.py::test_invalid_numeric_ranges_are_rejected_not_scored PASSED [ 55%]
skills/seo-keyword-selection/tests/test_selection.py::test_nan_and_infinity_are_invalid PASSED [ 56%]
skills/seo-keyword-selection/tests/test_selection.py::test_empty_keyword_is_invalid_row PASSED [ 56%]
skills/seo-keyword-selection/tests/test_selection.py::test_serp_upgrade_requires_structured_documented_evidence PASSED [ 57%]
skills/seo-keyword-selection/tests/test_selection.py::test_invalid_serp_evidence_does_not_count PASSED [ 57%]
skills/seo-keyword-selection/tests/test_selection.py::test_provenance_status_is_explicit_and_does_not_block_math PASSED [ 58%]
skills/seo-keyword-selection/tests/test_selection.py::test_duplicate_keywords_are_preserved_and_flagged PASSED [ 58%]
skills/seo-keyword-selection/tests/test_selection.py::test_top_level_batch_metadata_can_fill_provenance PASSED [ 59%]
skills/seo-keyword-selection/tests/test_selection.py::test_csv_output_serializes_structured_evidence_as_json PASSED [ 59%]
skills/seo-page-keyword-mapping/tests/test_mapping.py::test_structure_description_and_readme PASSED [ 60%]
skills/seo-page-keyword-mapping/tests/test_mapping.py::test_trigger_fixture_boundaries PASSED [ 60%]
skills/seo-page-keyword-mapping/tests/test_mapping.py::test_source_seed_never_creates_ownership PASSED [ 61%]
skills/seo-page-keyword-mapping/tests/test_mapping.py::test_unknown_is_not_zero_and_serp_fast_is_required PASSED [ 62%]
skills/seo-page-keyword-mapping/tests/test_mapping.py::test_modifier_can_be_primary_after_core_reclassification PASSED [ 62%]
skills/seo-page-keyword-mapping/tests/test_mapping.py::test_cpc_is_not_primary_signal_except_optional_final_tiebreak PASSED [ 63%]
skills/seo-page-keyword-mapping/tests/test_mapping.py::test_cluster_observed_demand_deduplicates_and_keeps_scope PASSED [ 63%]
skills/seo-page-keyword-mapping/tests/test_mapping.py::test_architecture_uses_serp_overlap_task_and_content_not_fixed_volume PASSED [ 64%]
skills/seo-page-keyword-mapping/tests/test_mapping.py::test_validator_detects_ownership_serp_and_split_conflicts PASSED [ 64%]
skills/seo-page-keyword-mapping/tests/test_mapping.py::test_docs_encode_nonnegotiable_rules PASSED [ 65%]
skills/seo-page-keyword-mapping/tests/test_mapping.py::test_cluster_demand_is_unresolved_without_primary_scope PASSED [ 65%]
skills/seo-page-keyword-mapping/tests/test_mapping.py::test_cluster_demand_is_unresolved_when_primary_has_no_metric_scope PASSED [ 66%]
tests/test_a_plus_architecture.py::test_selection_does_not_own_discovery_steps PASSED [ 66%]
tests/test_a_plus_architecture.py::test_discovery_does_not_own_final_opportunity_decision PASSED [ 67%]
tests/test_a_plus_architecture.py::test_emerging_confirmed_route_skips_discovery PASSED [ 67%]
tests/test_a_plus_architecture.py::test_mapping_does_not_restore_generic_discovery_ownership PASSED [ 68%]
tests/test_a_plus_architecture.py::test_human_final_decision_remains_explicit PASSED [ 68%]
tests/test_a_plus_confirmed_gaps.py::test_protected_exact_evaluation_without_marker_is_denied_when_stage6_blocked PASSED [ 69%]
tests/test_a_plus_confirmed_gaps.py::test_unrelated_bash_without_marker_is_not_gated PASSED [ 70%]
tests/test_a_plus_confirmed_gaps.py::test_semrush_exact_collect_deterministically_normalizes_observed_relay_shape PASSED [ 70%]
tests/test_a_plus_confirmed_gaps.py::test_semrush_ideas_collect_normalizes_observed_rows_instead_of_returning_raw_response PASSED [ 71%]
tests/test_a_plus_confirmed_gaps.py::test_semrush_exact_schema_mismatch_fails_closed PASSED [ 71%]
tests/test_a_plus_confirmed_gaps.py::test_semrush_exact_missing_metric_is_not_coerced_to_zero PASSED [ 72%]
tests/test_a_plus_confirmed_gaps.py::test_stage6_numeric_sanity_rejects_impossible_values PASSED [ 72%]
tests/test_a_plus_confirmed_gaps.py::test_mixed_batch_reports_partial_and_nonzero_exit PASSED [ 73%]
tests/test_a_plus_confirmed_gaps.py::test_kgr_merge_joins_verified_exact_volume_and_google_intitle_then_evaluator_calculates PASSED [ 73%]
tests/test_a_plus_confirmed_gaps.py::test_kgr_merge_rejects_keyword_mismatch PASSED [ 74%]
tests/test_a_plus_confirmed_gaps.py::test_trends_parser_extracts_observed_temporal_series PASSED [ 74%]
tests/test_a_plus_confirmed_gaps.py::test_finalist_trend_contract_requires_real_temporal_series PASSED [ 75%]
tests/test_codex_stage_hooks.py::test_pretooluse_denies_invalid_preceding_stage PASSED [ 75%]
tests/test_codex_stage_hooks.py::test_pretooluse_allows_valid_contract_mechanically_when_receipt_verifier_passes PASSED [ 76%]
tests/test_codex_stage_hooks.py::test_pretooluse_can_gate_one_candidate_without_blocking_others_mechanically PASSED [ 77%]
tests/test_codex_stage_hooks.py::test_stop_blocks_incomplete_active_run PASSED [ 77%]
tests/test_codex_stage_hooks.py::test_stop_allows_blocked_run_to_end PASSED [ 78%]
tests/test_codex_stage_hooks.py::test_stop_hook_active_prevents_recursive_block PASSED [ 78%]
tests/test_execution_integrity.py::test_exactly_five_skills_and_discovery_exists PASSED [ 79%]
tests/test_execution_integrity.py::test_selection_thresholds_are_byte_frozen PASSED [ 79%]
tests/test_execution_integrity.py::test_stage6_missing_required_metrics_fail PASSED [ 80%]
tests/test_execution_integrity.py::test_stage6_wrong_relay_fails_and_full_evidence_passes PASSED [ 80%]
tests/test_execution_integrity.py::test_kgr_contract_requires_verified_exact_and_real_google_intitle PASSED [ 81%]
tests/test_execution_integrity.py::test_serp_contract_requires_real_top_ten_urls PASSED [ 81%]
tests/test_execution_integrity.py::test_finalist_trend_is_conditional_and_keyword_planner_is_not_required PASSED [ 82%]
tests/test_execution_integrity.py::test_missing_zero_unknown_and_not_applicable_are_distinct_states PASSED [ 82%]
tests/test_hook_requirement_integrity.py::test_explicit_fake_marker_cannot_override_protected_inferred_stage PASSED [ 83%]
tests/test_hook_requirement_integrity.py::test_complete_cannot_use_unknown_fake_requirement PASSED [ 83%]
tests/test_hook_requirement_integrity.py::test_traditional_route_only_autocomplete_and_exact_is_denied PASSED [ 84%]
tests/test_hook_requirement_integrity.py::test_emerging_route_only_exact_is_denied PASSED [ 85%]
tests/test_hook_requirement_integrity.py::test_finalist_without_trends_is_denied PASSED [ 85%]
tests/test_integrity_boundary_regressions.py::test_external_helper_cannot_mint_issuance_or_create_workspace_secret PASSED [ 86%]
tests/test_integrity_boundary_regressions.py::test_attacker_controlled_env_secret_cannot_mint_trusted_issuance PASSED [ 86%]
tests/test_integrity_boundary_regressions.py::test_agent_readable_workspace_secret_cannot_mint_trusted_issuance PASSED [ 87%]
tests/test_integrity_boundary_regressions.py::test_emerging_route_cannot_be_self_declared_without_trusted_route_attestation PASSED [ 87%]
tests/test_integrity_boundary_regressions.py::test_traditional_candidate_cannot_hide_finalist_by_setting_false PASSED [ 88%]
tests/test_integrity_boundary_regressions.py::test_candidate_specific_stages_must_not_fallback_to_global_receipts PASSED [ 88%]
tests/test_integrity_boundary_regressions.py::test_verified_blocked_candidate_does_not_prevent_completed_batch PASSED [ 89%]
tests/test_integrity_boundary_regressions.py::test_deterministic_exact_elimination_skips_kgr_and_serp PASSED [ 89%]
tests/test_observed_evidence_binding.py::test_hand_written_observed_fields_cannot_pass_production_validation PASSED [ 90%]
tests/test_observed_evidence_binding.py::test_evaluator_does_not_call_hand_written_metadata_verified PASSED [ 90%]
tests/test_observed_evidence_binding.py::test_hook_does_not_trust_bare_manifest_pass PASSED [ 91%]
tests/test_observed_evidence_binding.py::test_kgr_cli_rejects_hand_written_exact_and_intitle PASSED [ 91%]
tests/test_observed_evidence_binding.py::test_direct_self_minted_semrush_receipt_writer_is_rejected PASSED [ 92%]
tests/test_observed_evidence_binding.py::test_direct_self_minted_google_receipt_writer_is_rejected PASSED [ 93%]
tests/test_observed_evidence_binding.py::test_imported_monkeypatched_collector_main_cannot_mint_production_receipt PASSED [ 93%]
tests/test_observed_evidence_binding.py::test_semrush_replay_detects_raw_normalized_mismatch_even_when_hash_layer_is_not_involved PASSED [ 94%]
tests/test_observed_evidence_binding.py::test_collector_artifact_role_contracts_fail_closed PASSED [ 94%]
tests/test_observed_evidence_binding.py::test_hand_written_self_consistent_semrush_receipt_is_blocked_in_production PASSED [ 95%]
tests/test_observed_evidence_binding.py::test_hand_written_self_consistent_google_intitle_receipt_is_blocked_in_production PASSED [ 95%]
tests/test_observed_evidence_binding.py::test_hand_written_self_consistent_google_trends_receipt_is_blocked_in_production PASSED [ 96%]
tests/test_observed_evidence_binding.py::test_forged_observed_receipt_leads_to_hook_deny PASSED [ 96%]
tests/test_post_validation_integrity.py::test_validation_receipt_path_rechecks_current_underlying_evidence PASSED [ 97%]
tests/test_post_validation_integrity.py::test_stop_rejects_bare_complete_status PASSED [ 97%]
tests/test_post_validation_integrity.py::test_complete_control_flow_allows_valid_candidate_lifecycle_when_verifiers_pass PASSED [ 98%]
tests/test_semrush_capture_freshness.py::test_load_request_rejects_stale_historical_capture PASSED [ 98%]
tests/test_semrush_source_policy.py::test_runtime_has_no_official_semrush_api_or_provider_fallback PASSED [ 99%]
tests/test_semrush_source_policy.py::test_semrush_collector_is_same_origin_and_has_no_hardcoded_rpc_endpoint PASSED [100%]

============================= 187 passed in 4.77s ==============================
